<?xml version="1.0" encoding="UTF-8"?>
<!-- Generated by org.testng.reporters.JUnitReportReporter -->
<testsuite hostname="LTIN189881" failures="0" tests="1" name="TestCase.TC_002_Surgeries" time="14.313" errors="0" timestamp="2024-03-04T14:59:08 IST" skipped="0">
  <testcase classname="TestCase.TC_002_Surgeries" name="NoOfSurgeries" time="14.313"/>
  <system-out/>
</testsuite> <!-- TestCase.TC_002_Surgeries -->
