<?xml version="1.0" encoding="UTF-8"?>
<!-- Generated by org.testng.reporters.JUnitReportReporter -->
<testsuite hostname="LTIN189881" failures="0" tests="1" name="TestCase.TC_003_Wellness" time="59.531" errors="0" timestamp="2024-03-04T14:59:08 IST" skipped="0">
  <testcase classname="TestCase.TC_003_Wellness" name="CoporatesAndWellness" time="59.531"/>
  <system-out/>
</testsuite> <!-- TestCase.TC_003_Wellness -->
