<?xml version="1.0" encoding="UTF-8"?>
<!-- Generated by org.testng.reporters.JUnitReportReporter -->
<testsuite hostname="LTIN189881" failures="0" tests="1" name="TestCase.TC_001_FindDoctors" time="69.557" errors="0" timestamp="2024-03-04T17:35:18 IST" skipped="0">
  <testcase classname="TestCase.TC_001_FindDoctors" name="Find_Doctors" time="69.557"/>
  <system-out/>
</testsuite> <!-- TestCase.TC_001_FindDoctors -->
