<?xml version="1.0" encoding="UTF-8"?>
<!-- Generated by org.testng.reporters.JUnitReportReporter -->
<testsuite hostname="LTIN189881" failures="0" tests="1" name="TestCase.TC_001_FindDoctors" time="105.836" errors="0" timestamp="2024-02-29T16:10:18 IST" skipped="0">
  <testcase classname="TestCase.TC_001_FindDoctors" name="Find_Doctors" time="105.836"/>
  <system-out/>
</testsuite> <!-- TestCase.TC_001_FindDoctors -->
