<?xml version="1.0" encoding="UTF-8"?>
<!-- Generated by org.testng.reporters.JUnitReportReporter -->
<testsuite hostname="LTIN189881" failures="0" tests="1" name="TestCase.TC_002_Surgeries" time="13.480" errors="0" timestamp="2024-03-04T17:29:31 IST" skipped="0">
  <testcase classname="TestCase.TC_002_Surgeries" name="NoOfSurgeries" time="13.480"/>
</testsuite> <!-- TestCase.TC_002_Surgeries -->
